<?xml version="1.0" encoding="UTF-8"?>
<testsuite xmlns:xsi="http://www.w3.org/2001/XMLSchema-instance" xsi:noNamespaceSchemaLocation="https://maven.apache.org/surefire/maven-surefire-plugin/xsd/surefire-test-report-3.0.xsd" version="3.0" name="com.bmicrocorp.laboratory.LaboratoryApplicationTests" time="4.639" tests="1" errors="0" skipped="0" failures="0">
  <properties>
[...]
</properties>
  <testcase name="contextLoads" classname="com.bmicrocorp.laboratory.LaboratoryApplicationTests" time="1.088">
    <system-out><![CDATA[17:06:07.579 [main] INFO org.springframework.test.context.support.AnnotationConfigContextLoaderUtils -- Could not detect default configuration classes for test class [com.bmicrocorp.laboratory.LaboratoryApplicationTests]: LaboratoryApplicationTests does not declare any static, non-private, non-final, nested classes annotated with @Configuration.
17:06:07.702 [main] INFO org.springframework.boot.test.context.SpringBootTestContextBootstrapper -- Found @SpringBootConfiguration com.bmicrocorp.laboratory.LaboratoryApplication for test class com.bmicrocorp.laboratory.LaboratoryApplicationTests

  .   ____          _            __ _ _
 /\\ / ___'_ __ _ _(_)_ __  __ _ \ \ \ \
( ( )\___ | '_ | '_| | '_ \/ _` | \ \ \ \
 \\/  ___)| |_)| | | | | || (_| |  ) ) ) )
  '  |____| .__|_| |_|_| |_\__, | / / / /
 =========|_|==============|___/=/_/_/_/

 :: Spring Boot ::                (v3.3.3)

2024-09-11T17:06:08.316+02:00  INFO 32108 --- [laboratory] [           main] c.b.l.LaboratoryApplicationTests         : Starting LaboratoryApplicationTests using Java 21.0.4 with PID 32108 (started by KevinBoucheron in C:\Users\KevinBoucheron\Documents\PERSONNEL\laboratory)
2024-09-11T17:06:08.318+02:00  INFO 32108 --- [laboratory] [           main] c.b.l.LaboratoryApplicationTests         : No active profile set, falling back to 1 default profile: "default"
2024-09-11T17:06:09.916+02:00  WARN 32108 --- [laboratory] [           main] .s.s.UserDetailsServiceAutoConfiguration : 

Using generated security password: 2dc5c600-2d08-4736-b1ed-eb8dc4841f6c

This generated password is for development use only. Your security configuration must be updated before running your application in production.

2024-09-11T17:06:09.919+02:00  WARN 32108 --- [laboratory] [           main] r$InitializeUserDetailsManagerConfigurer : Global AuthenticationManager configured with an AuthenticationProvider bean. UserDetailsService beans will not be used for username/password login. Consider removing the AuthenticationProvider bean. Alternatively, consider using the UserDetailsService in a manually instantiated DaoAuthenticationProvider.
2024-09-11T17:06:10.396+02:00 DEBUG 32108 --- [laboratory] [           main] o.s.s.web.DefaultSecurityFilterChain     : Will secure any request with filters: DisableEncodeUrlFilter, WebAsyncManagerIntegrationFilter, SecurityContextHolderFilter, HeaderWriterFilter, CsrfFilter, LogoutFilter, BasicAuthenticationFilter, , RequestCacheAwareFilter, SecurityContextHolderAwareRequestFilter, AnonymousAuthenticationFilter, ExceptionTranslationFilter, AuthorizationFilter
2024-09-11T17:06:10.863+02:00  INFO 32108 --- [laboratory] [           main] c.b.l.LaboratoryApplicationTests         : Started LaboratoryApplicationTests in 2.93 seconds (process running for 4.356)
]]></system-out>
    <system-err><![CDATA[WARNING: A Java agent has been loaded dynamically (C:\Users\KevinBoucheron\.m2\repository\net\bytebuddy\byte-buddy-agent\1.14.19\byte-buddy-agent-1.14.19.jar)
WARNING: If a serviceability tool is in use, please run with -XX:+EnableDynamicAgentLoading to hide this warning
WARNING: If a serviceability tool is not in use, please run with -Djdk.instrument.traceUsage for more information
WARNING: Dynamic loading of agents will be disallowed by default in a future release
]]></system-err>
  </testcase>
</testsuite>